<?xml version="1.0" encoding="UTF-8"?>
<!-- Generated by org.testng.reporters.JUnitReportReporter -->
<testsuite hostname="LAPTOP-IH6E9MU2" failures="0" tests="3" name="TestRunner.DataDrivenRunner" time="32.547" errors="0" timestamp="15 Jan 2020 08:18:45 GMT" skipped="0">
  <testcase classname="TestRunner.DataDrivenRunner" name="runScenario" time="13.602"/>
  <testcase classname="TestRunner.DataDrivenRunner" name="runScenario" time="8.260"/>
  <testcase classname="TestRunner.DataDrivenRunner" name="runScenario" time="10.685"/>
</testsuite> <!-- TestRunner.DataDrivenRunner -->
